<?xml version="1.0" encoding="UTF-8"?>
<!-- Generated by org.testng.reporters.JUnitXMLReporter -->
<testsuite hostname="EPINHYDW081A" ignored="4" tests="0" failures="0" timestamp="2021-07-29T23:24:06 IST" time="0.011" errors="0">
  <testcase name="validateProductSearch" time="0.0" classname="testSuite.TestSuite">
    <ignored/>
  </testcase> <!-- validateProductSearch -->
  <testcase name="testJsonData" time="0.0" classname="testSuite.TestSuite">
    <ignored/>
  </testcase> <!-- testJsonData -->
  <testcase name="validateProductSearchUsingJson" time="0.0" classname="testSuite.TestSuite">
    <ignored/>
  </testcase> <!-- validateProductSearchUsingJson -->
  <testcase name="negativeTest" time="0.0" classname="testSuite.TestSuite">
    <ignored/>
  </testcase> <!-- negativeTest -->
</testsuite>
