<?xml version="1.0" encoding="UTF-8"?>
<!-- Generated by org.testng.reporters.JUnitXMLReporter -->
<testsuite hostname="EPINHYDW081A" ignored="3" name="Test" tests="4" failures="0" timestamp="2021-07-29T23:24:39 IST" time="7.605" errors="0">
  <testcase name="validateProductSearchUsingJson" time="1.962" classname="testSuite.TestSuite"/>
  <testcase name="validateProductSearchUsingJson" time="1.761" classname="testSuite.TestSuite"/>
  <testcase name="validateProductSearchUsingJson" time="1.228" classname="testSuite.TestSuite"/>
  <testcase name="validateProductSearchUsingJson" time="1.376" classname="testSuite.TestSuite"/>
  <testcase name="validateProductSearch" time="0.0" classname="testSuite.TestSuite">
    <ignored/>
  </testcase> <!-- validateProductSearch -->
  <testcase name="testJsonData" time="0.0" classname="testSuite.TestSuite">
    <ignored/>
  </testcase> <!-- testJsonData -->
  <testcase name="negativeTest" time="0.0" classname="testSuite.TestSuite">
    <ignored/>
  </testcase> <!-- negativeTest -->
</testsuite> <!-- Test -->
